<?xml version="1.0" encoding="UTF-8"?>
<testsuite xmlns:xsi="http://www.w3.org/2001/XMLSchema-instance" xsi:noNamespaceSchemaLocation="https://maven.apache.org/surefire/maven-surefire-plugin/xsd/surefire-test-report-3.0.xsd" version="3.0" name="TestSuite" time="10.091" tests="31" errors="0" skipped="0" failures="0">
  <properties>
    <property name="sun.desktop" value="windows"/>
    <property name="awt.toolkit" value="sun.awt.windows.WToolkit"/>
    <property name="java.specification.version" value="11"/>
    <property name="sun.cpu.isalist" value="amd64"/>
    <property name="sun.jnu.encoding" value="Cp1252"/>
    <property name="java.class.path" value="C:\Users\Bharath_kumar_Ds\eclipse-work\RestassuredAutomation\target\test-classes;C:\Users\Bharath_kumar_Ds\eclipse-work\RestassuredAutomation\target\classes;C:\Users\Bharath_kumar_Ds\.m2\repository\org\testng\testng\6.14.3\testng-6.14.3.jar;C:\Users\Bharath_kumar_Ds\.m2\repository\com\beust\jcommander\1.72\jcommander-1.72.jar;C:\Users\Bharath_kumar_Ds\.m2\repository\org\apache-extras\beanshell\bsh\2.0b6\bsh-2.0b6.jar;C:\Users\Bharath_kumar_Ds\.m2\repository\io\rest-assured\rest-assured\4.2.0\rest-assured-4.2.0.jar;C:\Users\Bharath_kumar_Ds\.m2\repository\org\codehaus\groovy\groovy\2.5.8\groovy-2.5.8.jar;C:\Users\Bharath_kumar_Ds\.m2\repository\org\codehaus\groovy\groovy-xml\2.5.8\groovy-xml-2.5.8.jar;C:\Users\Bharath_kumar_Ds\.m2\repository\org\apache\httpcomponents\httpclient\4.5.3\httpclient-4.5.3.jar;C:\Users\Bharath_kumar_Ds\.m2\repository\org\apache\httpcomponents\httpcore\4.4.6\httpcore-4.4.6.jar;C:\Users\Bharath_kumar_Ds\.m2\repository\commons-logging\commons-logging\1.2\commons-logging-1.2.jar;C:\Users\Bharath_kumar_Ds\.m2\repository\org\apache\httpcomponents\httpmime\4.5.3\httpmime-4.5.3.jar;C:\Users\Bharath_kumar_Ds\.m2\repository\org\hamcrest\hamcrest\2.1\hamcrest-2.1.jar;C:\Users\Bharath_kumar_Ds\.m2\repository\org\ccil\cowan\tagsoup\tagsoup\1.2.1\tagsoup-1.2.1.jar;C:\Users\Bharath_kumar_Ds\.m2\repository\io\rest-assured\json-path\4.2.0\json-path-4.2.0.jar;C:\Users\Bharath_kumar_Ds\.m2\repository\org\codehaus\groovy\groovy-json\2.5.8\groovy-json-2.5.8.jar;C:\Users\Bharath_kumar_Ds\.m2\repository\io\rest-assured\rest-assured-common\4.2.0\rest-assured-common-4.2.0.jar;C:\Users\Bharath_kumar_Ds\.m2\repository\io\rest-assured\xml-path\4.2.0\xml-path-4.2.0.jar;C:\Users\Bharath_kumar_Ds\.m2\repository\org\apache\commons\commons-lang3\3.4\commons-lang3-3.4.jar;C:\Users\Bharath_kumar_Ds\.m2\repository\jakarta\xml\bind\jakarta.xml.bind-api\2.3.2\jakarta.xml.bind-api-2.3.2.jar;C:\Users\Bharath_kumar_Ds\.m2\repository\jakarta\activation\jakarta.activation-api\1.2.1\jakarta.activation-api-1.2.1.jar;C:\Users\Bharath_kumar_Ds\.m2\repository\com\sun\xml\bind\jaxb-osgi\2.3.0.1\jaxb-osgi-2.3.0.1.jar;C:\Users\Bharath_kumar_Ds\.m2\repository\org\apache\sling\org.apache.sling.javax.activation\0.1.0\org.apache.sling.javax.activation-0.1.0.jar;C:\Users\Bharath_kumar_Ds\.m2\repository\javax\activation\activation\1.1.1\activation-1.1.1.jar;C:\Users\Bharath_kumar_Ds\.m2\repository\com\googlecode\json-simple\json-simple\1.1.1\json-simple-1.1.1.jar;C:\Users\Bharath_kumar_Ds\.m2\repository\junit\junit\4.10\junit-4.10.jar;C:\Users\Bharath_kumar_Ds\.m2\repository\org\hamcrest\hamcrest-core\1.1\hamcrest-core-1.1.jar;C:\Users\Bharath_kumar_Ds\.m2\repository\org\apache\poi\poi\4.1.0\poi-4.1.0.jar;C:\Users\Bharath_kumar_Ds\.m2\repository\commons-codec\commons-codec\1.12\commons-codec-1.12.jar;C:\Users\Bharath_kumar_Ds\.m2\repository\org\apache\commons\commons-collections4\4.3\commons-collections4-4.3.jar;C:\Users\Bharath_kumar_Ds\.m2\repository\org\apache\commons\commons-math3\3.6.1\commons-math3-3.6.1.jar;C:\Users\Bharath_kumar_Ds\.m2\repository\org\apache\poi\poi-ooxml\4.1.2\poi-ooxml-4.1.2.jar;C:\Users\Bharath_kumar_Ds\.m2\repository\org\apache\poi\poi-ooxml-schemas\4.1.2\poi-ooxml-schemas-4.1.2.jar;C:\Users\Bharath_kumar_Ds\.m2\repository\org\apache\xmlbeans\xmlbeans\3.1.0\xmlbeans-3.1.0.jar;C:\Users\Bharath_kumar_Ds\.m2\repository\org\apache\commons\commons-compress\1.19\commons-compress-1.19.jar;C:\Users\Bharath_kumar_Ds\.m2\repository\com\github\virtuald\curvesapi\1.06\curvesapi-1.06.jar;C:\Users\Bharath_kumar_Ds\.m2\repository\com\aventstack\extentreports\3.0.0\extentreports-3.0.0.jar;C:\Users\Bharath_kumar_Ds\.m2\repository\org\freemarker\freemarker\2.3.23\freemarker-2.3.23.jar;C:\Users\Bharath_kumar_Ds\.m2\repository\org\mongodb\mongodb-driver\3.3.0\mongodb-driver-3.3.0.jar;C:\Users\Bharath_kumar_Ds\.m2\repository\org\mongodb\bson\3.3.0\bson-3.3.0.jar;C:\Users\Bharath_kumar_Ds\.m2\repository\org\mongodb\mongodb-driver-core\3.3.0\mongodb-driver-core-3.3.0.jar;"/>
    <property name="java.vm.vendor" value="Oracle Corporation"/>
    <property name="sun.arch.data.model" value="64"/>
    <property name="user.variant" value=""/>
    <property name="java.vendor.url" value="https://openjdk.java.net/"/>
    <property name="user.timezone" value="Asia/Calcutta"/>
    <property name="java.vm.specification.version" value="11"/>
    <property name="os.name" value="Windows 10"/>
    <property name="sun.java.launcher" value="SUN_STANDARD"/>
    <property name="user.country" value="US"/>
    <property name="sun.boot.library.path" value="C:\Program Files\Java\jdk-11.0.13\bin"/>
    <property name="sun.java.command" value="C:\Users\Bharath_kumar_Ds\AppData\Local\Temp\surefire1974899743141372879\surefirebooter15278520076473745250.jar C:\Users\Bharath_kumar_Ds\AppData\Local\Temp\surefire1974899743141372879 2021-12-19T17-17-49_693-jvmRun1 surefire800332042864490802tmp surefire_03208443524245587977tmp"/>
    <property name="jdk.debug" value="release"/>
    <property name="surefire.test.class.path" value="C:\Users\Bharath_kumar_Ds\eclipse-work\RestassuredAutomation\target\test-classes;C:\Users\Bharath_kumar_Ds\eclipse-work\RestassuredAutomation\target\classes;C:\Users\Bharath_kumar_Ds\.m2\repository\org\testng\testng\6.14.3\testng-6.14.3.jar;C:\Users\Bharath_kumar_Ds\.m2\repository\com\beust\jcommander\1.72\jcommander-1.72.jar;C:\Users\Bharath_kumar_Ds\.m2\repository\org\apache-extras\beanshell\bsh\2.0b6\bsh-2.0b6.jar;C:\Users\Bharath_kumar_Ds\.m2\repository\io\rest-assured\rest-assured\4.2.0\rest-assured-4.2.0.jar;C:\Users\Bharath_kumar_Ds\.m2\repository\org\codehaus\groovy\groovy\2.5.8\groovy-2.5.8.jar;C:\Users\Bharath_kumar_Ds\.m2\repository\org\codehaus\groovy\groovy-xml\2.5.8\groovy-xml-2.5.8.jar;C:\Users\Bharath_kumar_Ds\.m2\repository\org\apache\httpcomponents\httpclient\4.5.3\httpclient-4.5.3.jar;C:\Users\Bharath_kumar_Ds\.m2\repository\org\apache\httpcomponents\httpcore\4.4.6\httpcore-4.4.6.jar;C:\Users\Bharath_kumar_Ds\.m2\repository\commons-logging\commons-logging\1.2\commons-logging-1.2.jar;C:\Users\Bharath_kumar_Ds\.m2\repository\org\apache\httpcomponents\httpmime\4.5.3\httpmime-4.5.3.jar;C:\Users\Bharath_kumar_Ds\.m2\repository\org\hamcrest\hamcrest\2.1\hamcrest-2.1.jar;C:\Users\Bharath_kumar_Ds\.m2\repository\org\ccil\cowan\tagsoup\tagsoup\1.2.1\tagsoup-1.2.1.jar;C:\Users\Bharath_kumar_Ds\.m2\repository\io\rest-assured\json-path\4.2.0\json-path-4.2.0.jar;C:\Users\Bharath_kumar_Ds\.m2\repository\org\codehaus\groovy\groovy-json\2.5.8\groovy-json-2.5.8.jar;C:\Users\Bharath_kumar_Ds\.m2\repository\io\rest-assured\rest-assured-common\4.2.0\rest-assured-common-4.2.0.jar;C:\Users\Bharath_kumar_Ds\.m2\repository\io\rest-assured\xml-path\4.2.0\xml-path-4.2.0.jar;C:\Users\Bharath_kumar_Ds\.m2\repository\org\apache\commons\commons-lang3\3.4\commons-lang3-3.4.jar;C:\Users\Bharath_kumar_Ds\.m2\repository\jakarta\xml\bind\jakarta.xml.bind-api\2.3.2\jakarta.xml.bind-api-2.3.2.jar;C:\Users\Bharath_kumar_Ds\.m2\repository\jakarta\activation\jakarta.activation-api\1.2.1\jakarta.activation-api-1.2.1.jar;C:\Users\Bharath_kumar_Ds\.m2\repository\com\sun\xml\bind\jaxb-osgi\2.3.0.1\jaxb-osgi-2.3.0.1.jar;C:\Users\Bharath_kumar_Ds\.m2\repository\org\apache\sling\org.apache.sling.javax.activation\0.1.0\org.apache.sling.javax.activation-0.1.0.jar;C:\Users\Bharath_kumar_Ds\.m2\repository\javax\activation\activation\1.1.1\activation-1.1.1.jar;C:\Users\Bharath_kumar_Ds\.m2\repository\com\googlecode\json-simple\json-simple\1.1.1\json-simple-1.1.1.jar;C:\Users\Bharath_kumar_Ds\.m2\repository\junit\junit\4.10\junit-4.10.jar;C:\Users\Bharath_kumar_Ds\.m2\repository\org\hamcrest\hamcrest-core\1.1\hamcrest-core-1.1.jar;C:\Users\Bharath_kumar_Ds\.m2\repository\org\apache\poi\poi\4.1.0\poi-4.1.0.jar;C:\Users\Bharath_kumar_Ds\.m2\repository\commons-codec\commons-codec\1.12\commons-codec-1.12.jar;C:\Users\Bharath_kumar_Ds\.m2\repository\org\apache\commons\commons-collections4\4.3\commons-collections4-4.3.jar;C:\Users\Bharath_kumar_Ds\.m2\repository\org\apache\commons\commons-math3\3.6.1\commons-math3-3.6.1.jar;C:\Users\Bharath_kumar_Ds\.m2\repository\org\apache\poi\poi-ooxml\4.1.2\poi-ooxml-4.1.2.jar;C:\Users\Bharath_kumar_Ds\.m2\repository\org\apache\poi\poi-ooxml-schemas\4.1.2\poi-ooxml-schemas-4.1.2.jar;C:\Users\Bharath_kumar_Ds\.m2\repository\org\apache\xmlbeans\xmlbeans\3.1.0\xmlbeans-3.1.0.jar;C:\Users\Bharath_kumar_Ds\.m2\repository\org\apache\commons\commons-compress\1.19\commons-compress-1.19.jar;C:\Users\Bharath_kumar_Ds\.m2\repository\com\github\virtuald\curvesapi\1.06\curvesapi-1.06.jar;C:\Users\Bharath_kumar_Ds\.m2\repository\com\aventstack\extentreports\3.0.0\extentreports-3.0.0.jar;C:\Users\Bharath_kumar_Ds\.m2\repository\org\freemarker\freemarker\2.3.23\freemarker-2.3.23.jar;C:\Users\Bharath_kumar_Ds\.m2\repository\org\mongodb\mongodb-driver\3.3.0\mongodb-driver-3.3.0.jar;C:\Users\Bharath_kumar_Ds\.m2\repository\org\mongodb\bson\3.3.0\bson-3.3.0.jar;C:\Users\Bharath_kumar_Ds\.m2\repository\org\mongodb\mongodb-driver-core\3.3.0\mongodb-driver-core-3.3.0.jar;"/>
    <property name="sun.cpu.endian" value="little"/>
    <property name="user.home" value="C:\Users\Bharath_kumar_Ds"/>
    <property name="user.language" value="en"/>
    <property name="java.specification.vendor" value="Oracle Corporation"/>
    <property name="java.version.date" value="2021-10-19"/>
    <property name="java.home" value="C:\Program Files\Java\jdk-11.0.13"/>
    <property name="file.separator" value="\"/>
    <property name="basedir" value="C:\Users\Bharath_kumar_Ds\eclipse-work\RestassuredAutomation"/>
    <property name="java.vm.compressedOopsMode" value="Zero based"/>
    <property name="line.separator" value="&#10;"/>
    <property name="java.specification.name" value="Java Platform API Specification"/>
    <property name="java.vm.specification.vendor" value="Oracle Corporation"/>
    <property name="java.awt.graphicsenv" value="sun.awt.Win32GraphicsEnvironment"/>
    <property name="surefire.real.class.path" value="C:\Users\Bharath_kumar_Ds\AppData\Local\Temp\surefire1974899743141372879\surefirebooter15278520076473745250.jar"/>
    <property name="user.script" value=""/>
    <property name="sun.management.compiler" value="HotSpot 64-Bit Tiered Compilers"/>
    <property name="java.runtime.version" value="11.0.13+10-LTS-370"/>
    <property name="user.name" value="Bharath_kumar_Ds"/>
    <property name="path.separator" value=";"/>
    <property name="os.version" value="10.0"/>
    <property name="java.runtime.name" value="Java(TM) SE Runtime Environment"/>
    <property name="file.encoding" value="Cp1252"/>
    <property name="java.vm.name" value="Java HotSpot(TM) 64-Bit Server VM"/>
    <property name="java.vendor.version" value="18.9"/>
    <property name="localRepository" value="C:\Users\Bharath_kumar_Ds\.m2\repository"/>
    <property name="java.vendor.url.bug" value="https://bugreport.java.com/bugreport/"/>
    <property name="java.io.tmpdir" value="C:\Users\BHARAT~1\AppData\Local\Temp\"/>
    <property name="java.version" value="11.0.13"/>
    <property name="user.dir" value="C:\Users\Bharath_kumar_Ds\eclipse-work\RestassuredAutomation"/>
    <property name="os.arch" value="amd64"/>
    <property name="java.vm.specification.name" value="Java Virtual Machine Specification"/>
    <property name="java.awt.printerjob" value="sun.awt.windows.WPrinterJob"/>
    <property name="sun.os.patch.level" value=""/>
    <property name="java.library.path" value="C:\Program Files\Java\jdk-11.0.13\bin;C:\WINDOWS\Sun\Java\bin;C:\WINDOWS\system32;C:\WINDOWS;C:\Program Files\Common Files\Oracle\Java\javapath;C:\Program Files (x86)\Common Files\Oracle\Java\javapath;C:\Program Files (x86)\VMware\VMware Workstation\bin\;C:\Program Files (x86)\RSA SecurID Token Common;C:\Program Files\RSA SecurID Token Common;C:\WINDOWS\system32;C:\WINDOWS;C:\WINDOWS\System32\Wbem;C:\WINDOWS\System32\WindowsPowerShell\v1.0\;C:\WINDOWS\System32\OpenSSH\;C:\Program Files\Dell\Dell Data Protection\Encryption\;C:\WINDOWS\system32\config\systemprofile\AppData\Local\Microsoft\WindowsApps;C:\Program Files\Git\cmd;C:\Users\Bharath_kumar_Ds\AppData\Roaming\nvm;C:\Program Files\nodejs;C:\Program Files\Java\jdk-11.0.13\bin;;C:\Program Files\Cloud Foundry;C:\WINDOWS\system32;C:\WINDOWS;C:\WINDOWS\System32\Wbem;C:\WINDOWS\System32\WindowsPowerShell\v1.0\;C:\WINDOWS\System32\OpenSSH\;C:\Program Files\nodejs\;C:\Program Files\TortoiseGit\bin;C:\Program Files\Microsoft SQL Server\Client SDK\ODBC\130\Tools\Binn\;C:\Program Files (x86)\Microsoft SQL Server\140\Tools\Binn\;C:\Program Files\Microsoft SQL Server\140\Tools\Binn\;C:\Program Files\Microsoft SQL Server\140\DTS\Binn\;C:\Program Files (x86)\Microsoft SQL Server\150\DTS\Binn\;C:\Program Files\Azure Data Studio\bin;C:\Program Files\1E\Client\Extensibility\NomadBranch;C:\Users\Bharath_kumar_Ds\AppData\Local\Programs\Python\Python38-32\Scripts\;C:\Users\Bharath_kumar_Ds\AppData\Local\Programs\Python\Python38-32\;C:\Users\Bharath_kumar_Ds\AppData\Local\Microsoft\WindowsApps;C:\Users\Bharath_kumar_Ds\AppData\Local\Programs\Microsoft VS Code\bin;C:\Program Files (x86)\apache-maven-3.6.3-bin\apache-maven-3.6.3\bin;C:\Users\Bharath_kumar_Ds\AppData\Local\GitHubDesktop\bin;C:\Program Files\Java\jdk1.8.0_281\bin;C:\Users\Bharath_kumar_Ds\AppData\Roaming\npm;."/>
    <property name="java.vendor" value="Oracle Corporation"/>
    <property name="java.vm.info" value="mixed mode"/>
    <property name="java.vm.version" value="11.0.13+10-LTS-370"/>
    <property name="sun.io.unicode.encoding" value="UnicodeLittle"/>
    <property name="java.class.version" value="55.0"/>
  </properties>
  <testcase name="validateHeaders[Access-Control-Allow-Origin, *](1)" classname="TS_001_V4_GET_REQUEST.TC002_GET_Validating_Headers" time="0.003">
    <system-out><![CDATA[[TestNGContentHandler] [WARN] It is strongly recommended to add "<!DOCTYPE suite SYSTEM "http://testng.org/testng-1.0.dtd" >" at the top of your file, otherwise TestNG may fail or not work as expected.
****************SUITE STARTED*************
************* START OF TESTCASE - TC002_GET_Validating_Headers **************
Test Passed
]]></system-out>
  </testcase>
  <testcase name="validateHeaders[Access-Control-Expose-Headers, spacex-api-cache,spacex-api-response-time](2)" classname="TS_001_V4_GET_REQUEST.TC002_GET_Validating_Headers" time="0">
    <system-out><![CDATA[Test Passed
]]></system-out>
  </testcase>
  <testcase name="validateHeaders[Alt-Svc, h3=&quot;:443&quot;; ma=2592000,h3-29=&quot;:443&quot;; ma=2592000](3)" classname="TS_001_V4_GET_REQUEST.TC002_GET_Validating_Headers" time="0">
    <system-out><![CDATA[Test Passed
]]></system-out>
  </testcase>
  <testcase name="validateHeaders[Cache-Control, max-age=20](4)" classname="TS_001_V4_GET_REQUEST.TC002_GET_Validating_Headers" time="0">
    <system-out><![CDATA[Test Passed
]]></system-out>
  </testcase>
  <testcase name="validateHeaders[Content-Encoding, gzip](5)" classname="TS_001_V4_GET_REQUEST.TC002_GET_Validating_Headers" time="0.001">
    <system-out><![CDATA[Test Passed
]]></system-out>
  </testcase>
  <testcase name="validateHeaders[Content-Security-Policy, default-src &apos;self&apos;;base-uri &apos;self&apos;;block-all-mixed-content;font-src &apos;self&apos; https: data:;frame-ancestors &apos;self&apos;;img-src &apos;self&apos; data:;object-src &apos;none&apos;;script-src &apos;self&apos;;script-src-attr &apos;none&apos;;style-src &apos;self&apos; https: &apos;unsafe-inline&apos;;upgrade-insecure-requests](6)" classname="TS_001_V4_GET_REQUEST.TC002_GET_Validating_Headers" time="0">
    <system-out><![CDATA[Test Passed
]]></system-out>
  </testcase>
  <testcase name="validateHeaders[Content-Type, application/json; charset=utf-8](7)" classname="TS_001_V4_GET_REQUEST.TC002_GET_Validating_Headers" time="0">
    <system-out><![CDATA[Test Passed
]]></system-out>
  </testcase>
  <testcase name="validateHeaders[Expect-Ct, max-age=0](8)" classname="TS_001_V4_GET_REQUEST.TC002_GET_Validating_Headers" time="0">
    <system-out><![CDATA[Test Passed
]]></system-out>
  </testcase>
  <testcase name="validateHeaders[Referrer-Policy, no-referrer](9)" classname="TS_001_V4_GET_REQUEST.TC002_GET_Validating_Headers" time="0.001">
    <system-out><![CDATA[Test Passed
]]></system-out>
  </testcase>
  <testcase name="validateHeaders[Server, Caddy](10)" classname="TS_001_V4_GET_REQUEST.TC002_GET_Validating_Headers" time="0">
    <system-out><![CDATA[Test Passed
]]></system-out>
  </testcase>
  <testcase name="validateHeaders[Spacex-Api-Cache, HIT](11)" classname="TS_001_V4_GET_REQUEST.TC002_GET_Validating_Headers" time="0.001">
    <system-out><![CDATA[Test Passed
]]></system-out>
  </testcase>
  <testcase name="validateHeaders[Spacex-Api-Cache-Online, TRUE](12)" classname="TS_001_V4_GET_REQUEST.TC002_GET_Validating_Headers" time="0">
    <system-out><![CDATA[Test Passed
]]></system-out>
  </testcase>
  <testcase name="validateHeaders[Spacex-Api-Response-Time, 0ms](13)" classname="TS_001_V4_GET_REQUEST.TC002_GET_Validating_Headers" time="0.001">
    <system-out><![CDATA[Test Passed
]]></system-out>
  </testcase>
  <testcase name="validateHeaders[Strict-Transport-Security, max-age=15552000; includeSubDomains](14)" classname="TS_001_V4_GET_REQUEST.TC002_GET_Validating_Headers" time="0">
    <system-out><![CDATA[Test Passed
]]></system-out>
  </testcase>
  <testcase name="validateHeaders[Vary, Accept-Encoding](15)" classname="TS_001_V4_GET_REQUEST.TC002_GET_Validating_Headers" time="0">
    <system-out><![CDATA[Test Passed
]]></system-out>
  </testcase>
  <testcase name="validateHeaders[X-Content-Type-Options, nosniff](16)" classname="TS_001_V4_GET_REQUEST.TC002_GET_Validating_Headers" time="0">
    <system-out><![CDATA[Test Passed
]]></system-out>
  </testcase>
  <testcase name="validateHeaders[X-Dns-Prefetch-Control, off](17)" classname="TS_001_V4_GET_REQUEST.TC002_GET_Validating_Headers" time="0">
    <system-out><![CDATA[Test Passed
]]></system-out>
  </testcase>
  <testcase name="validateHeaders[X-Download-Options, noopen](18)" classname="TS_001_V4_GET_REQUEST.TC002_GET_Validating_Headers" time="0.001">
    <system-out><![CDATA[Test Passed
]]></system-out>
  </testcase>
  <testcase name="validateHeaders[X-Frame-Options, SAMEORIGIN](19)" classname="TS_001_V4_GET_REQUEST.TC002_GET_Validating_Headers" time="0">
    <system-out><![CDATA[Test Passed
]]></system-out>
  </testcase>
  <testcase name="validateHeaders[X-Permitted-Cross-Domain-Policies, none](20)" classname="TS_001_V4_GET_REQUEST.TC002_GET_Validating_Headers" time="0">
    <system-out><![CDATA[Test Passed
]]></system-out>
  </testcase>
  <testcase name="validateHeaders[Content-Length, 930](21)" classname="TS_001_V4_GET_REQUEST.TC002_GET_Validating_Headers" time="0">
    <system-out><![CDATA[Test Passed
]]></system-out>
  </testcase>
  <testcase name="getLatestLaunchDetails" classname="TS_001_V4_GET_REQUEST.TC001_GET_Request" time="0.024">
    <system-out><![CDATA[************* END OF TESTCASE - TC002_GET_Validating_Headers **************
************* START OF TESTCASE - TC001_GET_Request **************
Response Body is:  {"fairings":{"reused":null,"recovery_attempt":true,"recovered":null,"ships":["5ea6ed30080df4000697c912"]},"links":{"patch":{"small":"https://imgur.com/BrW201S.png","large":"https://imgur.com/573IfGk.png"},"reddit":{"campaign":"https://www.reddit.com/r/spacex/comments/jhu37i/starlink_general_discussion_and_deployment_thread/","launch":"https://www.reddit.com/r/spacex/comments/rhvacp/rspacex_starlink_44_launch_discussion_and_updates/","media":null,"recovery":"https://www.reddit.com/r/spacex/comments/k2ts1q/rspacex_fleet_updates_discussion_thread/"},"flickr":{"small":[],"original":[]},"presskit":null,"webcast":"https://youtu.be/q4Ed3EBx90s","youtube_id":"q4Ed3EBx90s","article":null,"wikipedia":"https://en.wikipedia.org/wiki/Starlink"},"static_fire_date_utc":"2021-12-17T08:31:00.000Z","static_fire_date_unix":1639729860,"net":false,"window":null,"rocket":"5e9d0d95eda69973a809d1ec","success":true,"failures":[],"details":"The mission consists in launching 52 Starlink v1.5 satellites to Shell number 4 at 53.2°. This is unusual as the mission is launching from Vandenberg as these missions usually launch from the East Coast.","crew":[],"ships":["5ea6ed30080df4000697c913","5ea6ed30080df4000697c912","5ea6ed2f080df4000697c90b"],"capsules":[],"payloads":["61bbac16437241381bf70632"],"launchpad":"5e9e4502f509092b78566f87","flight_number":141,"name":"Starlink 4-4 (v1.5)","date_utc":"2021-12-18T12:41:40.000Z","date_unix":1639831300,"date_local":"2021-12-18T12:41:40-08:00","date_precision":"hour","upcoming":false,"cores":[{"core":"5e9e28a6f35918c0803b265c","flight":11,"gridfins":true,"legs":true,"reused":true,"landing_attempt":true,"landing_success":true,"landing_type":"ASDS","landpad":"5e9e3032383ecb6bb234e7ca"}],"auto_update":false,"tbd":false,"launch_library_id":"0d4b0c0f-3d72-4cb2-b596-dc526ad178a6","id":"61bba806437241381bf7061e"}
Test Passed
]]></system-out>
  </testcase>
  <testcase name="verifyResponseTime" classname="TS_001_V4_GET_REQUEST.TC001_GET_Request" time="0.029">
    <system-out><![CDATA[Test Passed
]]></system-out>
  </testcase>
  <testcase name="verifyStatusCode" classname="TS_001_V4_GET_REQUEST.TC001_GET_Request" time="0">
    <system-out><![CDATA[status code is 200
Test Passed
]]></system-out>
  </testcase>
  <testcase name="verifyStatusLine" classname="TS_001_V4_GET_REQUEST.TC001_GET_Request" time="0">
    <system-out><![CDATA[status line is HTTP/1.1 200 OK
Test Passed
]]></system-out>
  </testcase>
  <testcase name="printAllHeaders" classname="TS_001_V4_GET_REQUEST.TC003_GET_Print_All_Headers" time="0.004">
    <system-out><![CDATA[************* END OF TESTCASE - TC001_GET_Request **************
****************SUITE FINISHED*************
****************SUITE STARTED*************
************* START OF TESTCASE - TC003_GET_Print_All_Headers **************
Access-Control-Allow-Origin -- *
Access-Control-Expose-Headers -- spacex-api-cache,spacex-api-response-time
Alt-Svc -- h3=":443"; ma=2592000,h3-29=":443"; ma=2592000
Cache-Control -- max-age=20
Content-Encoding -- gzip
Content-Security-Policy -- default-src 'self';base-uri 'self';block-all-mixed-content;font-src 'self' https: data:;frame-ancestors 'self';img-src 'self' data:;object-src 'none';script-src 'self';script-src-attr 'none';style-src 'self' https: 'unsafe-inline';upgrade-insecure-requests
Content-Type -- application/json; charset=utf-8
Date -- Sun, 19 Dec 2021 11:47:59 GMT
Etag -- "739-Yipl4fJsn+L0bnVQLiK5S3dld3Y"
Expect-Ct -- max-age=0
Referrer-Policy -- no-referrer
Server -- Caddy
Spacex-Api-Cache -- HIT
Spacex-Api-Cache-Online -- true
Spacex-Api-Response-Time -- 1ms
Strict-Transport-Security -- max-age=15552000; includeSubDomains
Vary -- Origin
Vary -- Accept-Encoding
X-Content-Type-Options -- nosniff
X-Dns-Prefetch-Control -- off
X-Download-Options -- noopen
X-Frame-Options -- SAMEORIGIN
X-Permitted-Cross-Domain-Policies -- none
X-Xss-Protection -- 0
Content-Length -- 930
Test Passed
]]></system-out>
  </testcase>
  <testcase name="validatingJsonResponse[recovery-attempt](1)" classname="TS_001_V4_GET_REQUEST.TC004_Validating_JSON_Response" time="0.017">
    <system-out><![CDATA[************* END OF TESTCASE - TC003_GET_Print_All_Headers **************
************* START OF TESTCASE - TC004_GET_Validating_JSON_Response **************
Test Passed
]]></system-out>
  </testcase>
  <testcase name="validatingJsonResponse[links](2)" classname="TS_001_V4_GET_REQUEST.TC004_Validating_JSON_Response" time="0.33">
    <system-out><![CDATA[Test Passed
]]></system-out>
  </testcase>
  <testcase name="validatingJsonResponse[window](3)" classname="TS_001_V4_GET_REQUEST.TC004_Validating_JSON_Response" time="0.014">
    <system-out><![CDATA[Test Passed
]]></system-out>
  </testcase>
  <testcase name="validatingJsonResponse[success](4)" classname="TS_001_V4_GET_REQUEST.TC004_Validating_JSON_Response" time="0.014">
    <system-out><![CDATA[Test Passed
]]></system-out>
  </testcase>
  <testcase name="validatingJsonResponse[flight_number](5)" classname="TS_001_V4_GET_REQUEST.TC004_Validating_JSON_Response" time="0.013">
    <system-out><![CDATA[Test Passed
]]></system-out>
  </testcase>
</testsuite>