<?xml version="1.0" encoding="UTF-8"?>
<!-- Generated by org.testng.reporters.JUnitReportReporter -->
<testsuite hostname="W10CG753X2" failures="0" tests="1" name="TS_001_V4_GET_REQUEST.TC002_VALIDATING_HEADERS" time="4.468" errors="0" timestamp="19 Dec 2021 06:40:27 GMT" skipped="0">
  <testcase classname="TS_001_V4_GET_REQUEST.TC002_VALIDATING_HEADERS" name="validateHeaders" time="4.468"/>
</testsuite> <!-- TS_001_V4_GET_REQUEST.TC002_VALIDATING_HEADERS -->
