<?xml version="1.0" encoding="UTF-8"?>
<!-- Generated by org.testng.reporters.JUnitReportReporter -->
<testsuite hostname="W10CG753X2" failures="0" tests="5" name="TS_001_V4_GET_REQUEST.TC004_Validating_JSON_Response" time="0.428" errors="0" timestamp="19 Dec 2021 11:50:04 GMT" skipped="0">
  <testcase classname="TS_001_V4_GET_REQUEST.TC004_Validating_JSON_Response" name="validatingJsonResponse" time="0.014"/>
  <testcase classname="TS_001_V4_GET_REQUEST.TC004_Validating_JSON_Response" name="validatingJsonResponse" time="0.362"/>
  <testcase classname="TS_001_V4_GET_REQUEST.TC004_Validating_JSON_Response" name="validatingJsonResponse" time="0.017"/>
  <testcase classname="TS_001_V4_GET_REQUEST.TC004_Validating_JSON_Response" name="validatingJsonResponse" time="0.018"/>
  <testcase classname="TS_001_V4_GET_REQUEST.TC004_Validating_JSON_Response" name="validatingJsonResponse" time="0.017"/>
</testsuite> <!-- TS_001_V4_GET_REQUEST.TC004_Validating_JSON_Response -->
