<?xml version="1.0" encoding="UTF-8"?>
<!-- Generated by org.testng.reporters.JUnitReportReporter -->
<testsuite hostname="W10CG753X2" failures="0" tests="1" name="TS_001_V4_GET_REQUEST.TC003_GET_Print_All_Headers" time="0.001" errors="0" timestamp="19 Dec 2021 11:50:04 GMT" skipped="0">
  <testcase classname="TS_001_V4_GET_REQUEST.TC003_GET_Print_All_Headers" name="printAllHeaders" time="0.001"/>
</testsuite> <!-- TS_001_V4_GET_REQUEST.TC003_GET_Print_All_Headers -->
