<?xml version="1.0" encoding="UTF-8"?>
<!-- Generated by org.testng.reporters.JUnitReportReporter -->
<testsuite hostname="W10CG753X2" failures="0" tests="21" name="TS_001_V4_GET_REQUEST.TC002_GET_Validating_Headers" time="0.010" errors="0" timestamp="19 Dec 2021 11:48:01 GMT" skipped="0">
  <testcase classname="TS_001_V4_GET_REQUEST.TC002_GET_Validating_Headers" name="validateHeaders" time="0.001"/>
  <testcase classname="TS_001_V4_GET_REQUEST.TC002_GET_Validating_Headers" name="validateHeaders" time="0.000"/>
  <testcase classname="TS_001_V4_GET_REQUEST.TC002_GET_Validating_Headers" name="validateHeaders" time="0.003"/>
  <testcase classname="TS_001_V4_GET_REQUEST.TC002_GET_Validating_Headers" name="validateHeaders" time="0.000"/>
  <testcase classname="TS_001_V4_GET_REQUEST.TC002_GET_Validating_Headers" name="validateHeaders" time="0.001"/>
  <testcase classname="TS_001_V4_GET_REQUEST.TC002_GET_Validating_Headers" name="validateHeaders" time="0.000"/>
  <testcase classname="TS_001_V4_GET_REQUEST.TC002_GET_Validating_Headers" name="validateHeaders" time="0.000"/>
  <testcase classname="TS_001_V4_GET_REQUEST.TC002_GET_Validating_Headers" name="validateHeaders" time="0.000"/>
  <testcase classname="TS_001_V4_GET_REQUEST.TC002_GET_Validating_Headers" name="validateHeaders" time="0.001"/>
  <testcase classname="TS_001_V4_GET_REQUEST.TC002_GET_Validating_Headers" name="validateHeaders" time="0.000"/>
  <testcase classname="TS_001_V4_GET_REQUEST.TC002_GET_Validating_Headers" name="validateHeaders" time="0.000"/>
  <testcase classname="TS_001_V4_GET_REQUEST.TC002_GET_Validating_Headers" name="validateHeaders" time="0.001"/>
  <testcase classname="TS_001_V4_GET_REQUEST.TC002_GET_Validating_Headers" name="validateHeaders" time="0.001"/>
  <testcase classname="TS_001_V4_GET_REQUEST.TC002_GET_Validating_Headers" name="validateHeaders" time="0.000"/>
  <testcase classname="TS_001_V4_GET_REQUEST.TC002_GET_Validating_Headers" name="validateHeaders" time="0.000"/>
  <testcase classname="TS_001_V4_GET_REQUEST.TC002_GET_Validating_Headers" name="validateHeaders" time="0.000"/>
  <testcase classname="TS_001_V4_GET_REQUEST.TC002_GET_Validating_Headers" name="validateHeaders" time="0.000"/>
  <testcase classname="TS_001_V4_GET_REQUEST.TC002_GET_Validating_Headers" name="validateHeaders" time="0.001"/>
  <testcase classname="TS_001_V4_GET_REQUEST.TC002_GET_Validating_Headers" name="validateHeaders" time="0.000"/>
  <testcase classname="TS_001_V4_GET_REQUEST.TC002_GET_Validating_Headers" name="validateHeaders" time="0.000"/>
  <testcase classname="TS_001_V4_GET_REQUEST.TC002_GET_Validating_Headers" name="validateHeaders" time="0.001"/>
</testsuite> <!-- TS_001_V4_GET_REQUEST.TC002_GET_Validating_Headers -->
