<?xml version="1.0" encoding="UTF-8"?>
<!-- Generated by org.testng.reporters.JUnitReportReporter -->
<testsuite hostname="W10CG753X2" failures="0" tests="4" name="TS_001_V4_GET_REQUEST.TC001_GET_Request" time="0.054" errors="0" timestamp="19 Dec 2021 11:48:01 GMT" skipped="0">
  <testcase classname="TS_001_V4_GET_REQUEST.TC001_GET_Request" name="verifyStatusLine" time="0.000"/>
  <testcase classname="TS_001_V4_GET_REQUEST.TC001_GET_Request" name="verifyStatusCode" time="0.001"/>
  <testcase classname="TS_001_V4_GET_REQUEST.TC001_GET_Request" name="verifyResponseTime" time="0.036"/>
  <testcase classname="TS_001_V4_GET_REQUEST.TC001_GET_Request" name="getLatestLaunchDetails" time="0.017"/>
</testsuite> <!-- TS_001_V4_GET_REQUEST.TC001_GET_Request -->
